<?xml version="1.0" encoding="UTF-8"?>
<!-- Generated by org.testng.reporters.JUnitXMLReporter -->
<testsuite ignored="0" hostname="Anushas-MacBook-Pro.local" failures="2" tests="18" name="ScenariosTests" time="109.084" errors="0" timestamp="2021-07-28T21:38:03 EDT">
  <testcase classname="test.Scenario1" name="s1" time="9.42"/>
  <testcase classname="test.Scenario2" name="s2" time="14.323"/>
  <testcase classname="test.Scenario2" name="verifySelectedCheckInDate" time="1.353">
    <failure type="java.lang.AssertionError" message="The selected and the displayed check in dates do not match expected [true] but found [false]">
      <![CDATA[java.lang.AssertionError: The selected and the displayed check in dates do not match expected [true] but found [false]
at utils.Keywords.compareStrings(Keywords.java:45)
at utils.Keywords.verifySelectedCheckIn(Keywords.java:103)
at test.Scenario2.verifySelectedCheckInDate(Scenario2.java:43)
at java.base/java.util.ArrayList.forEach(ArrayList.java:1511)
... Removed 30 stack frames]]>
    </failure>
  </testcase> <!-- verifySelectedCheckInDate -->
  <testcase classname="test.Scenario2" name="verifySelectedCheckOutDate" time="0.167">
    <failure type="java.lang.AssertionError" message="The selected and the displayed check out dates do not match expected [true] but found [false]">
      <![CDATA[java.lang.AssertionError: The selected and the displayed check out dates do not match expected [true] but found [false]
at utils.Keywords.compareStrings(Keywords.java:45)
at utils.Keywords.verifySelectedCheckOut(Keywords.java:115)
at test.Scenario2.verifySelectedCheckOutDate(Scenario2.java:49)
at java.base/java.util.ArrayList.forEach(ArrayList.java:1511)
... Removed 30 stack frames]]>
    </failure>
  </testcase> <!-- verifySelectedCheckOutDate -->
  <testcase classname="test.Scenario2" name="verifySelectedGuestsNumber" time="0.05"/>
  <testcase classname="test.Scenario2" name="enterGuestDetails" time="1.523"/>
  <testcase classname="test.Scenario2" name="enterCardDetails" time="4.206"/>
  <testcase classname="test.Scenario3" name="s3" time="13.222"/>
  <testcase classname="test.Scenario3" name="verifyRoomOptions" time="0.858"/>
  <testcase classname="test.Scenario3" name="verifyLocationDetails" time="0.54"/>
  <testcase classname="test.Scenario3" name="verifyGuestReviews" time="0.626"/>
  <testcase classname="test.Scenario3" name="verifyQASection" time="3.268"/>
  <testcase classname="test.Scenario3" name="verifyhotelPolicies" time="0.441"/>
  <testcase classname="test.Scenario4" name="s4" time="9.643"/>
  <testcase classname="test.Scenario4" name="filterByPayAtHotel" time="0.327"/>
  <testcase classname="test.Scenario4" name="filterByPrice" time="0.546"/>
  <testcase classname="test.Scenario4" name="filterByCustomerRating" time="0.511"/>
  <testcase classname="test.Scenario4" name="filterByStars" time="0.448"/>
</testsuite> <!-- ScenariosTests -->
